<?xml version="1.0" encoding="UTF-8"?>
<testsuite name="ru.stqa.pft.addressbook.test.GroupModificationTests" tests="1" skipped="0" failures="0" errors="0" timestamp="2022-05-28T10:21:28" hostname="DESKTOP-4HLMLQ7" time="0.779">
  <properties/>
  <testcase name="testGroupModification" classname="ru.stqa.pft.addressbook.test.GroupModificationTests" time="0.779"/>
  <system-out><![CDATA[]]></system-out>
  <system-err><![CDATA[]]></system-err>
</testsuite>
