<?xml version="1.0" encoding="UTF-8"?>
<testsuite name="ru.stqa.pft.addressbook.test.ContactCreationTests" tests="1" skipped="0" failures="0" errors="0" timestamp="2022-05-23T18:17:14" hostname="DESKTOP-4HLMLQ7" time="1.431">
  <properties/>
  <testcase name="testContactCreation" classname="ru.stqa.pft.addressbook.test.ContactCreationTests" time="1.431"/>
  <system-out><![CDATA[]]></system-out>
  <system-err><![CDATA[]]></system-err>
</testsuite>
